#
# A fatal error has been detected by the Java Runtime Environment:
#
#  EXCEPTION_ACCESS_VIOLATION (0xc0000005) at pc=0x65b23054, pid=46404, tid=46376
#
# JRE version: 7.0_21-b11
# Java VM: Java HotSpot(TM) Client VM (23.21-b01 mixed mode, sharing windows-x86 )
# Problematic frame:
# C  [awt.dll+0xa3054]  D3DContext::ResetClip+0x14
#
# Failed to write core dump. Minidumps are not enabled by default on client versions of Windows
#
# If you would like to submit a bug report, please visit:
#   http://bugreport.sun.com/bugreport/crash.jsp
# The crash happened outside the Java Virtual Machine in native code.
# See problematic frame for where to report the bug.
#

---------------  T H R E A D  ---------------

Current thread (0x0411ec00):  JavaThread "AWT-Windows" daemon [_thread_in_native, id=46376, stack(0x043d0000,0x04420000)]

siginfo: ExceptionCode=0xc0000005, reading address 0x00000000

Registers:
EAX=0x00000000, EBX=0x03f64e18, ECX=0x00000000, EDX=0x00000037
ESP=0x0441f478, EBP=0x0441f558, ESI=0x0411f1d0, EDI=0x80004005
EIP=0x65b23054, EFLAGS=0x00010246

Top of Stack: (sp=0x0441f478)
0x0441f478:   0411fe1c 65b27e92 00009829 00000001
0x0441f488:   0411ed28 00000003 29135038 0441f4d0
0x0441f498:   0441f534 01d1563b 0441f4d0 29135030
0x0441f4a8:   444d6000 00000001 3f800000 00000000
0x0441f4b8:   29182ca0 29135038 00000001 29135030
0x0441f4c8:   00000001 0411ed28 04119ad0 29135030
0x0441f4d8:   00000000 005668b0 ffffff01 0441f518
0x0441f4e8:   0441f51c 5afb3d23 0411ec00 b4bebc33 

Instructions: (pc=0x65b23054)
0x65b23034:   00 cc cc cc cc cc cc cc cc cc cc cc 56 8b f1 8b
0x65b23044:   4e 04 85 c9 74 07 6a 00 e8 0f 84 00 00 8b 46 28
0x65b23054:   8b 08 8b 91 e4 00 00 00 6a 00 68 ae 00 00 00 50
0x65b23064:   ff d2 8b 76 28 8b 06 8b 88 e4 00 00 00 6a 00 6a 


Register to memory mapping:

EAX=0x00000000 is an unknown value
EBX=0x03f64e18 is an unknown value
ECX=0x00000000 is an unknown value
EDX=0x00000037 is an unknown value
ESP=0x0441f478 is pointing into the stack for thread: 0x0411ec00
EBP=0x0441f558 is pointing into the stack for thread: 0x0411ec00
ESI=0x0411f1d0 is an unknown value
EDI=0x80004005 is an unknown value


Stack: [0x043d0000,0x04420000],  sp=0x0441f478,  free space=317k
Native frames: (J=compiled Java code, j=interpreted, Vv=VM code, C=native code)
C  [awt.dll+0xa3054]  D3DContext::ResetClip+0x14
C  [awt.dll+0x91119]  Java_sun_awt_windows_WToolkit_startSecondaryEventLoop+0x879
C  [USER32.dll+0x1c4e7]  gapfnScSendMessage+0x1cf
C  [USER32.dll+0x1c5e7]  gapfnScSendMessage+0x2cf
C  [USER32.dll+0x14f0e]  GetScrollBarInfo+0xfd
C  [USER32.dll+0x14f7d]  GetScrollBarInfo+0x16c
C  [ntdll.dll+0x46fae]  KiUserCallbackDispatcher+0x2e
C  [USER32.dll+0x164a1]  PeekMessageW+0x157

Java frames: (J=compiled Java code, j=interpreted, Vv=VM code)
j  sun.awt.windows.WToolkit.eventLoop()V+0
j  sun.awt.windows.WToolkit.run()V+49
j  java.lang.Thread.run()V+11
v  ~StubRoutines::call_stub

---------------  P R O C E S S  ---------------

Java Threads: ( => current thread )
  0x07be8800 JavaThread "pool-1-thread-1" [_thread_blocked, id=43628, stack(0x08740000,0x08790000)]
  0x07be8000 JavaThread "Thread-3" [_thread_in_native, id=44360, stack(0x07640000,0x07690000)]
  0x07ad1800 JavaThread "Thread-2" [_thread_blocked, id=44504, stack(0x07840000,0x07890000)]
  0x06193800 JavaThread "Abandoned connection cleanup thread" daemon [_thread_blocked, id=45520, stack(0x079c0000,0x07a10000)]
  0x06070800 JavaThread "TimerQueue" daemon [_thread_blocked, id=45280, stack(0x07890000,0x078e0000)]
  0x0117c800 JavaThread "DestroyJavaVM" [_thread_blocked, id=45504, stack(0x01a40000,0x01a90000)]
  0x0602e400 JavaThread "D3D Screen Updater" daemon [_thread_blocked, id=46996, stack(0x07730000,0x07780000)]
  0x05ee1400 JavaThread "AWT-EventQueue-0" [_thread_in_native, id=46084, stack(0x06300000,0x06350000)]
  0x0413b000 JavaThread "Image Animator 3" daemon [_thread_blocked, id=45096, stack(0x03d20000,0x03d70000)]
=>0x0411ec00 JavaThread "AWT-Windows" daemon [_thread_in_native, id=46376, stack(0x043d0000,0x04420000)]
  0x0411e400 JavaThread "AWT-Shutdown" [_thread_blocked, id=40400, stack(0x03e80000,0x03ed0000)]
  0x0411b800 JavaThread "Java2D Disposer" daemon [_thread_blocked, id=45480, stack(0x03dc0000,0x03e10000)]
  0x01a21c00 JavaThread "Service Thread" daemon [_thread_blocked, id=37948, stack(0x041b0000,0x04200000)]
  0x01a1d400 JavaThread "C1 CompilerThread0" daemon [_thread_blocked, id=45532, stack(0x01120000,0x01170000)]
  0x01a1c000 JavaThread "Attach Listener" daemon [_thread_blocked, id=46224, stack(0x03ef0000,0x03f40000)]
  0x01a18c00 JavaThread "Signal Dispatcher" daemon [_thread_blocked, id=39616, stack(0x03c70000,0x03cc0000)]
  0x019f5000 JavaThread "Finalizer" daemon [_thread_blocked, id=45608, stack(0x03cc0000,0x03d10000)]
  0x019f3800 JavaThread "Reference Handler" daemon [_thread_blocked, id=46580, stack(0x03be0000,0x03c30000)]

Other Threads:
  0x019f2000 VMThread [stack: 0x03d70000,0x03dc0000] [id=45268]
  0x01a24000 WatcherThread [stack: 0x04250000,0x042a0000] [id=46812]

VM state:not at safepoint (normal execution)

VM Mutex/Monitor currently owned by a thread: None

Heap
 def new generation   total 7040K, used 3556K [0x23b10000, 0x242b0000, 0x29060000)
  eden space 6272K,  52% used [0x23b10000, 0x23e49270, 0x24130000)
  from space 768K,  33% used [0x24130000, 0x2416fdb0, 0x241f0000)
  to   space 768K,   0% used [0x241f0000, 0x241f0000, 0x242b0000)
 tenured generation   total 15528K, used 14465K [0x29060000, 0x29f8a000, 0x33b10000)
   the space 15528K,  93% used [0x29060000, 0x29e807b8, 0x29e80800, 0x29f8a000)
 compacting perm gen  total 12288K, used 8216K [0x33b10000, 0x34710000, 0x37b10000)
   the space 12288K,  66% used [0x33b10000, 0x34316198, 0x34316200, 0x34710000)
    ro space 10240K,  42% used [0x37b10000, 0x37f522a0, 0x37f52400, 0x38510000)
    rw space 12288K,  54% used [0x38510000, 0x38b93250, 0x38b93400, 0x39110000)

Card table byte_map: [0x03b20000,0x03bd0000] byte_map_base: 0x03a02780

Polling page: 0x001e0000

Code Cache  [0x01b20000, 0x01f28000, 0x03b20000)
 total_blobs=2507 nmethods=2253 adapters=187 free_code_cache=28656Kb largest_free_block=29343488

Compilation events (10 events):
Event: 18662.907 Thread 0x01a1d400 2248             org.apache.commons.logging.impl.Log4JLogger::getLogger (23 bytes)
Event: 18662.907 Thread 0x01a1d400 nmethod 2248 0x01f22f88 code [0x01f230a0, 0x01f231cc]
Event: 18673.012 Thread 0x01a1d400 2249             javax.swing.SwingUtilities::computeUnion (149 bytes)
Event: 18673.013 Thread 0x01a1d400 nmethod 2249 0x01f233c8 code [0x01f234c0, 0x01f235a0]
Event: 18712.964 Thread 0x01a1d400 2250             org.apache.log4j.Hierarchy::isDisabled (14 bytes)
Event: 18712.964 Thread 0x01a1d400 nmethod 2250 0x01f23608 code [0x01f23700, 0x01f23790]
Event: 18788.048 Thread 0x01a1d400 2251             org.apache.log4j.Priority::isGreaterOrEqual (17 bytes)
Event: 18788.048 Thread 0x01a1d400 nmethod 2251 0x01f237c8 code [0x01f238c0, 0x01f23960]
Event: 21166.869 Thread 0x01a1d400 2252             java.awt.image.DirectColorModel::isCompatibleRaster (93 bytes)
Event: 21166.869 Thread 0x01a1d400 nmethod 2252 0x01f239c8 code [0x01f23af0, 0x01f23cdc]

GC Heap History (10 events):
Event: 21884.839 GC heap before
{Heap before GC invocations=39401 (full 16):
 def new generation   total 7040K, used 6511K [0x23b10000, 0x242b0000, 0x29060000)
  eden space 6272K, 100% used [0x23b10000, 0x24130000, 0x24130000)
  from space 768K,  31% used [0x241f0000, 0x2422bc08, 0x242b0000)
  to   space 768K,   0% used [0x24130000, 0x24130000, 0x241f0000)
 tenured generation   total 15528K, used 14462K [0x29060000, 0x29f8a000, 0x33b10000)
   the space 15528K,  93% used [0x29060000, 0x29e7fb28, 0x29e7fc00, 0x29f8a000)
 compacting perm gen  total 12288K, used 8207K [0x33b10000, 0x34710000, 0x37b10000)
   the space 12288K,  66% used [0x33b10000, 0x34313e98, 0x34314000, 0x34710000)
    ro space 10240K,  42% used [0x37b10000, 0x37f522a0, 0x37f52400, 0x38510000)
    rw space 12288K,  54% used [0x38510000, 0x38b93250, 0x38b93400, 0x39110000)
Event: 21884.839 GC heap after
Heap after GC invocations=39402 (full 16):
 def new generation   total 7040K, used 234K [0x23b10000, 0x242b0000, 0x29060000)
  eden space 6272K,   0% used [0x23b10000, 0x23b10000, 0x24130000)
  from space 768K,  30% used [0x24130000, 0x2416a8b8, 0x241f0000)
  to   space 768K,   0% used [0x241f0000, 0x241f0000, 0x242b0000)
 tenured generation   total 15528K, used 14463K [0x29060000, 0x29f8a000, 0x33b10000)
   the space 15528K,  93% used [0x29060000, 0x29e7fd38, 0x29e7fe00, 0x29f8a000)
 compacting perm gen  total 12288K, used 8207K [0x33b10000, 0x34710000, 0x37b10000)
   the space 12288K,  66% used [0x33b10000, 0x34313e98, 0x34314000, 0x34710000)
    ro space 10240K,  42% used [0x37b10000, 0x37f522a0, 0x37f52400, 0x38510000)
    rw space 12288K,  54% used [0x38510000, 0x38b93250, 0x38b93400, 0x39110000)
}
Event: 21885.852 GC heap before
{Heap before GC invocations=39402 (full 16):
 def new generation   total 7040K, used 6506K [0x23b10000, 0x242b0000, 0x29060000)
  eden space 6272K, 100% used [0x23b10000, 0x24130000, 0x24130000)
  from space 768K,  30% used [0x24130000, 0x2416a8b8, 0x241f0000)
  to   space 768K,   0% used [0x241f0000, 0x241f0000, 0x242b0000)
 tenured generation   total 15528K, used 14463K [0x29060000, 0x29f8a000, 0x33b10000)
   the space 15528K,  93% used [0x29060000, 0x29e7fd38, 0x29e7fe00, 0x29f8a000)
 compacting perm gen  total 12288K, used 8207K [0x33b10000, 0x34710000, 0x37b10000)
   the space 12288K,  66% used [0x33b10000, 0x34313e98, 0x34314000, 0x34710000)
    ro space 10240K,  42% used [0x37b10000, 0x37f522a0, 0x37f52400, 0x38510000)
    rw space 12288K,  54% used [0x38510000, 0x38b93250, 0x38b93400, 0x39110000)
Event: 21885.853 GC heap after
Heap after GC invocations=39403 (full 16):
 def new generation   total 7040K, used 240K [0x23b10000, 0x242b0000, 0x29060000)
  eden space 6272K,   0% used [0x23b10000, 0x23b10000, 0x24130000)
  from space 768K,  31% used [0x241f0000, 0x2422c088, 0x242b0000)
  to   space 768K,   0% used [0x24130000, 0x24130000, 0x241f0000)
 tenured generation   total 15528K, used 14463K [0x29060000, 0x29f8a000, 0x33b10000)
   the space 15528K,  93% used [0x29060000, 0x29e7ff78, 0x29e80000, 0x29f8a000)
 compacting perm gen  total 12288K, used 8207K [0x33b10000, 0x34710000, 0x37b10000)
   the space 12288K,  66% used [0x33b10000, 0x34313e98, 0x34314000, 0x34710000)
    ro space 10240K,  42% used [0x37b10000, 0x37f522a0, 0x37f52400, 0x38510000)
    rw space 12288K,  54% used [0x38510000, 0x38b93250, 0x38b93400, 0x39110000)
}
Event: 21886.619 GC heap before
{Heap before GC invocations=39403 (full 16):
 def new generation   total 7040K, used 6512K [0x23b10000, 0x242b0000, 0x29060000)
  eden space 6272K, 100% used [0x23b10000, 0x24130000, 0x24130000)
  from space 768K,  31% used [0x241f0000, 0x2422c088, 0x242b0000)
  to   space 768K,   0% used [0x24130000, 0x24130000, 0x241f0000)
 tenured generation   total 15528K, used 14463K [0x29060000, 0x29f8a000, 0x33b10000)
   the space 15528K,  93% used [0x29060000, 0x29e7ff78, 0x29e80000, 0x29f8a000)
 compacting perm gen  total 12288K, used 8207K [0x33b10000, 0x34710000, 0x37b10000)
   the space 12288K,  66% used [0x33b10000, 0x34313e98, 0x34314000, 0x34710000)
    ro space 10240K,  42% used [0x37b10000, 0x37f522a0, 0x37f52400, 0x38510000)
    rw space 12288K,  54% used [0x38510000, 0x38b93250, 0x38b93400, 0x39110000)
Event: 21886.620 GC heap after
Heap after GC invocations=39404 (full 16):
 def new generation   total 7040K, used 259K [0x23b10000, 0x242b0000, 0x29060000)
  eden space 6272K,   0% used [0x23b10000, 0x23b10000, 0x24130000)
  from space 768K,  33% used [0x24130000, 0x24170ea8, 0x241f0000)
  to   space 768K,   0% used [0x241f0000, 0x241f0000, 0x242b0000)
 tenured generation   total 15528K, used 14464K [0x29060000, 0x29f8a000, 0x33b10000)
   the space 15528K,  93% used [0x29060000, 0x29e80158, 0x29e80200, 0x29f8a000)
 compacting perm gen  total 12288K, used 8207K [0x33b10000, 0x34710000, 0x37b10000)
   the space 12288K,  66% used [0x33b10000, 0x34313e98, 0x34314000, 0x34710000)
    ro space 10240K,  42% used [0x37b10000, 0x37f522a0, 0x37f52400, 0x38510000)
    rw space 12288K,  54% used [0x38510000, 0x38b93250, 0x38b93400, 0x39110000)
}
Event: 21887.626 GC heap before
{Heap before GC invocations=39404 (full 16):
 def new generation   total 7040K, used 6531K [0x23b10000, 0x242b0000, 0x29060000)
  eden space 6272K, 100% used [0x23b10000, 0x24130000, 0x24130000)
  from space 768K,  33% used [0x24130000, 0x24170ea8, 0x241f0000)
  to   space 768K,   0% used [0x241f0000, 0x241f0000, 0x242b0000)
 tenured generation   total 15528K, used 14464K [0x29060000, 0x29f8a000, 0x33b10000)
   the space 15528K,  93% used [0x29060000, 0x29e80158, 0x29e80200, 0x29f8a000)
 compacting perm gen  total 12288K, used 8207K [0x33b10000, 0x34710000, 0x37b10000)
   the space 12288K,  66% used [0x33b10000, 0x34313e98, 0x34314000, 0x34710000)
    ro space 10240K,  42% used [0x37b10000, 0x37f522a0, 0x37f52400, 0x38510000)
    rw space 12288K,  54% used [0x38510000, 0x38b93250, 0x38b93400, 0x39110000)
Event: 21887.627 GC heap after
Heap after GC invocations=39405 (full 16):
 def new generation   total 7040K, used 256K [0x23b10000, 0x242b0000, 0x29060000)
  eden space 6272K,   0% used [0x23b10000, 0x23b10000, 0x24130000)
  from space 768K,  33% used [0x241f0000, 0x24230108, 0x242b0000)
  to   space 768K,   0% used [0x24130000, 0x24130000, 0x241f0000)
 tenured generation   total 15528K, used 14465K [0x29060000, 0x29f8a000, 0x33b10000)
   the space 15528K,  93% used [0x29060000, 0x29e804b8, 0x29e80600, 0x29f8a000)
 compacting perm gen  total 12288K, used 8207K [0x33b10000, 0x34710000, 0x37b10000)
   the space 12288K,  66% used [0x33b10000, 0x34313e98, 0x34314000, 0x34710000)
    ro space 10240K,  42% used [0x37b10000, 0x37f522a0, 0x37f52400, 0x38510000)
    rw space 12288K,  54% used [0x38510000, 0x38b93250, 0x38b93400, 0x39110000)
}
Event: 21888.574 GC heap before
{Heap before GC invocations=39405 (full 16):
 def new generation   total 7040K, used 6528K [0x23b10000, 0x242b0000, 0x29060000)
  eden space 6272K, 100% used [0x23b10000, 0x24130000, 0x24130000)
  from space 768K,  33% used [0x241f0000, 0x24230108, 0x242b0000)
  to   space 768K,   0% used [0x24130000, 0x24130000, 0x241f0000)
 tenured generation   total 15528K, used 14465K [0x29060000, 0x29f8a000, 0x33b10000)
   the space 15528K,  93% used [0x29060000, 0x29e804b8, 0x29e80600, 0x29f8a000)
 compacting perm gen  total 12288K, used 8207K [0x33b10000, 0x34710000, 0x37b10000)
   the space 12288K,  66% used [0x33b10000, 0x34313e98, 0x34314000, 0x34710000)
    ro space 10240K,  42% used [0x37b10000, 0x37f522a0, 0x37f52400, 0x38510000)
    rw space 12288K,  54% used [0x38510000, 0x38b93250, 0x38b93400, 0x39110000)
Event: 21888.575 GC heap after
Heap after GC invocations=39406 (full 16):
 def new generation   total 7040K, used 255K [0x23b10000, 0x242b0000, 0x29060000)
  eden space 6272K,   0% used [0x23b10000, 0x23b10000, 0x24130000)
  from space 768K,  33% used [0x24130000, 0x2416fdb0, 0x241f0000)
  to   space 768K,   0% used [0x241f0000, 0x241f0000, 0x242b0000)
 tenured generation   total 15528K, used 14465K [0x29060000, 0x29f8a000, 0x33b10000)
   the space 15528K,  93% used [0x29060000, 0x29e807b8, 0x29e80800, 0x29f8a000)
 compacting perm gen  total 12288K, used 8207K [0x33b10000, 0x34710000, 0x37b10000)
   the space 12288K,  66% used [0x33b10000, 0x34313e98, 0x34314000, 0x34710000)
    ro space 10240K,  42% used [0x37b10000, 0x37f522a0, 0x37f52400, 0x38510000)
    rw space 12288K,  54% used [0x38510000, 0x38b93250, 0x38b93400, 0x39110000)
}

Deoptimization events (0 events):
No events

Internal exceptions (10 events):
Event: 16.824 Thread 0x07be8800 Threw 0x23c73be8 at C:\jdk7u2_32P\jdk7u21\hotspot\src\share\vm\prims\jvm.cpp:1166
Event: 16.825 Thread 0x07be8800 Threw 0x23c8cce8 at C:\jdk7u2_32P\jdk7u21\hotspot\src\share\vm\prims\jvm.cpp:1166
Event: 16.825 Thread 0x07be8800 Threw 0x23c91d18 at C:\jdk7u2_32P\jdk7u21\hotspot\src\share\vm\prims\jvm.cpp:1166
Event: 16.826 Thread 0x07be8800 Threw 0x23ca2c10 at C:\jdk7u2_32P\jdk7u21\hotspot\src\share\vm\prims\jvm.cpp:1166
Event: 16.826 Thread 0x07be8800 Threw 0x23ca6e50 at C:\jdk7u2_32P\jdk7u21\hotspot\src\share\vm\prims\jvm.cpp:1166
Event: 16.826 Thread 0x07be8800 Threw 0x23cabd70 at C:\jdk7u2_32P\jdk7u21\hotspot\src\share\vm\prims\jvm.cpp:1166
Event: 16.826 Thread 0x07be8800 Threw 0x23cb0298 at C:\jdk7u2_32P\jdk7u21\hotspot\src\share\vm\prims\jvm.cpp:1166
Event: 16.826 Thread 0x07be8800 Threw 0x23cb69a8 at C:\jdk7u2_32P\jdk7u21\hotspot\src\share\vm\prims\jvm.cpp:1166
Event: 16.826 Thread 0x07be8800 Threw 0x23cbb208 at C:\jdk7u2_32P\jdk7u21\hotspot\src\share\vm\prims\jvm.cpp:1166
Event: 16.828 Thread 0x07be8800 Threw 0x23d2c5c0 at C:\jdk7u2_32P\jdk7u21\hotspot\src\share\vm\prims\jvm.cpp:1166

Events (10 events):
Event: 21888.574 Executing VM operation: GenCollectForAllocation
Event: 21888.575 Executing VM operation: GenCollectForAllocation done
Event: 21888.690 loading class 0x06031580
Event: 21888.690 loading class 0x3919f108
Event: 21888.704 loading class 0x3919f108 done
Event: 21888.704 loading class 0x06031580 done
Event: 21888.704 loading class 0x39162d90
Event: 21888.707 loading class 0x39162d90 done
Event: 21888.708 loading class 0x3919f210
Event: 21888.708 loading class 0x3919f210 done


Dynamic libraries:
0x00010000 - 0x0003f000 	C:\Program Files\Java\jre7\bin\javaw.exe
0x775f0000 - 0x77731000 	C:\Windows\SYSTEM32\ntdll.dll
0x76c40000 - 0x76d14000 	C:\Windows\system32\kernel32.dll
0x75510000 - 0x7555b000 	C:\Windows\system32\KERNELBASE.dll
0x771e0000 - 0x77280000 	C:\Windows\system32\ADVAPI32.dll
0x770d0000 - 0x7717c000 	C:\Windows\system32\msvcrt.dll
0x77820000 - 0x77839000 	C:\Windows\SYSTEM32\sechost.dll
0x76f50000 - 0x76ff2000 	C:\Windows\system32\RPCRT4.dll
0x77000000 - 0x770c9000 	C:\Windows\system32\USER32.dll
0x759c0000 - 0x75a0e000 	C:\Windows\system32\GDI32.dll
0x77770000 - 0x7777a000 	C:\Windows\system32\LPK.dll
0x75d60000 - 0x75dfd000 	C:\Windows\system32\USP10.dll
0x73ea0000 - 0x7403e000 	C:\Windows\WinSxS\x86_microsoft.windows.common-controls_6595b64144ccf1df_6.0.7601.18837_none_41e855142bd5705d\COMCTL32.dll
0x77180000 - 0x771d7000 	C:\Windows\system32\SHLWAPI.dll
0x77780000 - 0x7779f000 	C:\Windows\system32\IMM32.DLL
0x75b50000 - 0x75c1c000 	C:\Windows\system32\MSCTF.dll
0x5bd90000 - 0x5be4e000 	C:\Program Files\Java\jre7\bin\msvcr100.dll
0x5afb0000 - 0x5b2ff000 	C:\Program Files\Java\jre7\bin\client\jvm.dll
0x71dd0000 - 0x71dd7000 	C:\Windows\system32\WSOCK32.dll
0x75980000 - 0x759b5000 	C:\Windows\system32\WS2_32.dll
0x77800000 - 0x77806000 	C:\Windows\system32\NSI.dll
0x754c0000 - 0x754f2000 	C:\Windows\system32\WINMM.dll
0x76ad0000 - 0x76ad5000 	C:\Windows\system32\PSAPI.DLL
0x75370000 - 0x753bc000 	C:\Windows\system32\apphelp.dll
0x736d0000 - 0x736dc000 	C:\Program Files\Java\jre7\bin\verify.dll
0x67530000 - 0x67550000 	C:\Program Files\Java\jre7\bin\java.dll
0x67080000 - 0x67093000 	C:\Program Files\Java\jre7\bin\zip.dll
0x65a80000 - 0x65bc2000 	C:\Program Files\Java\jre7\bin\awt.dll
0x76da0000 - 0x76e2f000 	C:\Windows\system32\OLEAUT32.dll
0x76ae0000 - 0x76c3c000 	C:\Windows\system32\ole32.dll
0x75740000 - 0x75753000 	C:\Windows\system32\DWMAPI.DLL
0x73e20000 - 0x73e60000 	C:\Windows\system32\uxtheme.dll
0x753c0000 - 0x753cc000 	C:\Windows\system32\CRYPTBASE.dll
0x5b8f0000 - 0x5bab3000 	C:\Windows\system32\d3d9.dll
0x748f0000 - 0x748f9000 	C:\Windows\system32\VERSION.dll
0x73600000 - 0x73606000 	C:\Windows\system32\d3d8thk.dll
0x757b0000 - 0x757de000 	C:\Windows\system32\WINTRUST.dll
0x755f0000 - 0x75710000 	C:\Windows\system32\CRYPT32.dll
0x754b0000 - 0x754bc000 	C:\Windows\system32\MSASN1.dll
0x0fab0000 - 0x1045c000 	C:\Windows\system32\nvd3dum.dll
0x757e0000 - 0x7597d000 	C:\Windows\system32\SETUPAPI.dll
0x75760000 - 0x75787000 	C:\Windows\system32\CFGMGR32.dll
0x75790000 - 0x757a2000 	C:\Windows\system32\DEVOBJ.dll
0x75e00000 - 0x76a4a000 	C:\Windows\system32\SHELL32.dll
0x68ac0000 - 0x68ad4000 	C:\Program Files\Java\jre7\bin\net.dll
0x74ea0000 - 0x74edc000 	C:\Windows\system32\mswsock.dll
0x74e90000 - 0x74e96000 	C:\Windows\System32\wship6.dll
0x70950000 - 0x7095e000 	C:\Program Files\Java\jre7\bin\nio.dll
0x65f00000 - 0x65f31000 	C:\Program Files\Java\jre7\bin\fontmanager.dll
0x77280000 - 0x77303000 	C:\Windows\system32\CLBCatQ.DLL
0x72cf0000 - 0x72deb000 	C:\Windows\system32\WindowsCodecs.dll
0x66810000 - 0x66822000 	C:\Program Files\Common Files\TortoiseOverlays\TortoiseOverlays.dll
0x66960000 - 0x6696d000 	C:\Program Files\TortoiseSVN\bin\TortoiseStub32.dll
0x66010000 - 0x6607c000 	C:\Program Files\TortoiseSVN\bin\TortoiseSVN32.dll
0x774d0000 - 0x775eb000 	C:\Windows\system32\WININET.dll
0x77810000 - 0x77813000 	C:\Windows\system32\Normaliz.dll
0x77310000 - 0x774cb000 	C:\Windows\system32\iertutil.dll
0x76e30000 - 0x76f4a000 	C:\Windows\system32\urlmon.dll
0x654f0000 - 0x657e5000 	C:\Program Files\TortoiseSVN\bin\libsvn_tsvn32.dll
0x66460000 - 0x66484000 	C:\Program Files\TortoiseSVN\bin\libapr_tsvn32.dll
0x663c0000 - 0x663f6000 	C:\Program Files\TortoiseSVN\bin\libaprutil_tsvn32.dll
0x75d10000 - 0x75d55000 	C:\Windows\system32\WLDAP32.dll
0x69930000 - 0x6993d000 	C:\Program Files\TortoiseSVN\bin\intl3_tsvn32.dll
0x65ff0000 - 0x66003000 	C:\Program Files\TortoiseSVN\bin\libsasl32.dll
0x75200000 - 0x75208000 	C:\Windows\system32\Secur32.dll
0x75350000 - 0x7536b000 	C:\Windows\system32\SSPICLI.DLL
0x653c0000 - 0x65429000 	C:\Windows\system32\MSVCP100.dll
0x65350000 - 0x65384000 	C:\Program Files\360\360safe\safemon\360UDiskGuard.dll
0x65310000 - 0x65341000 	C:\Windows\system32\EhStorShell.dll
0x74170000 - 0x74265000 	C:\Windows\system32\PROPSYS.dll
0x652a0000 - 0x6530a000 	C:\Windows\System32\cscui.dll
0x65fe0000 - 0x65fe9000 	C:\Windows\System32\CSCDLL.dll
0x71a00000 - 0x71a0b000 	C:\Windows\system32\CSCAPI.dll
0x71a10000 - 0x71a80000 	C:\Windows\system32\ntshrui.dll
0x75190000 - 0x751a9000 	C:\Windows\system32\srvcli.dll
0x739e0000 - 0x739ea000 	C:\Windows\system32\slc.dll
0x65ed0000 - 0x65f00000 	C:\Program Files\Java\jre7\bin\t2k.dll
0x627e0000 - 0x62873000 	C:\Users\blue_baby\AppData\Roaming\TaobaoProtect\TaobaoProtectSE.dll
0x68800000 - 0x68803000 	C:\Windows\system32\sfc.dll
0x687f0000 - 0x687fd000 	C:\Windows\system32\sfc_os.DLL
0x04560000 - 0x04567000 	C:\Windows\system32\uunsp_1.dll
0x743e0000 - 0x74446000 	C:\Windows\system32\MSVCP60.dll
0x743b0000 - 0x743d1000 	C:\Program Files\Bonjour\mdnsNSP.dll
0x748d0000 - 0x748ec000 	C:\Windows\system32\Iphlpapi.DLL
0x748c0000 - 0x748c7000 	C:\Windows\system32\WINNSI.DLL
0x73b50000 - 0x73b60000 	C:\Windows\system32\NLAapi.dll
0x722e0000 - 0x722f0000 	C:\Windows\system32\napinsp.dll
0x722c0000 - 0x722d2000 	C:\Windows\system32\pnrpnsp.dll
0x74d60000 - 0x74da4000 	C:\Windows\system32\DNSAPI.dll
0x722b0000 - 0x722b8000 	C:\Windows\System32\winrnr.dll
0x04800000 - 0x04829000 	C:\Windows\system32\XLaccLSP.dll
0x062d0000 - 0x062e7000 	C:\Program Files\Common Files\Thunder Network\NetMon\net_monitor2.0.2.9.dll
0x7c3c0000 - 0x7c43c000 	C:\Windows\system32\MSVCP71.dll
0x7c360000 - 0x7c3b6000 	C:\Windows\system32\MSVCR71.dll
0x75440000 - 0x7544b000 	C:\Windows\system32\profapi.dll
0x747e0000 - 0x747e6000 	C:\Windows\System32\wshqos.dll
0x747d0000 - 0x747d5000 	C:\Windows\system32\wshtcpip.DLL
0x74370000 - 0x74376000 	C:\Windows\system32\rasadhlp.dll
0x74330000 - 0x74368000 	C:\Windows\System32\fwpuclnt.dll
0x6fa30000 - 0x6fb1b000 	C:\Windows\system32\dbghelp.dll

VM Arguments:
jvm_args: -Dfile.encoding=GBK 
java_command: cn.edu.zucc.TPF.View.LoginView
Launcher Type: SUN_STANDARD

Environment Variables:
JAVA_HOME=E:\Program Files\Java\jdk1.6.0_10
CLASSPATH=E:\Program Files\Java\jdk1.6.0_10\lib
PATH=D:/Program Files/Java/jre1.8.0_45/bin/client;D:/Program Files/Java/jre1.8.0_45/bin;D:/Program Files/Java/jre1.8.0_45/lib/i386;C:\ProgramData\Oracle\Java\javapath;D:\play-2.2.6;C:\Program Files\Common Files\NetSarang;C:\Program Files\NVIDIA Corporation\PhysX\Common;C:\Windows\system32;C:\Windows;C:\Windows\System32\Wbem;C:\Windows\System32\WindowsPowerShell\v1.0\;E:\Program Files\Java\jdk1.6.0_10\bin;C:\Program Files\nodejs\;E:\apache-ant-1.8.4\bin;C:\Program Files\OpenSSH\bin;C:\Program Files\VanDyke Software\Clients\;C:\Program Files\Microsoft SQL Server\100\Tools\Binn\;C:\Program Files\Microsoft SQL Server\100\DTS\Binn\;D:\Program Files\Python33;C:\Program Files\TortoiseSVN\bin;C:\Program Files\VisualSVN Server\bin;E:\apache-tomcat-6.0.36\lib;E:\apache-tomcat-6.0.36\lib;C:\Users\blue_baby\AppData\Roaming\npm\;D:\server\maven\bin;E:\eclipse;
USERNAME=blue_baby
OS=Windows_NT
PROCESSOR_IDENTIFIER=x86 Family 6 Model 42 Stepping 7, GenuineIntel



---------------  S Y S T E M  ---------------

OS: Windows 7 Build 7601 Service Pack 1

CPU:total 4 (4 cores per cpu, 1 threads per core) family 6 model 42 stepping 7, cmov, cx8, fxsr, mmx, sse, sse2, sse3, ssse3, sse4.1, sse4.2, popcnt, avx, tsc, tscinvbit

Memory: 4k page, physical 3135916k(1370140k free), swap 6267980k(2820516k free)

vm_info: Java HotSpot(TM) Client VM (23.21-b01) for windows-x86 JRE (1.7.0_21-b11), built on Apr  4 2013 04:43:10 by "java_re" with unknown MS VC++:1600

time: Tue Aug 18 03:20:53 2015
elapsed time: 21888 seconds

