#
# A fatal error has been detected by the Java Runtime Environment:
#
#  EXCEPTION_ACCESS_VIOLATION (0xc0000005) at pc=0x5cce3054, pid=23128, tid=34468
#
# JRE version: 7.0_21-b11
# Java VM: Java HotSpot(TM) Client VM (23.21-b01 mixed mode, sharing windows-x86 )
# Problematic frame:
# C  [awt.dll+0xa3054]  D3DContext::ResetClip+0x14
#
# Failed to write core dump. Minidumps are not enabled by default on client versions of Windows
#
# If you would like to submit a bug report, please visit:
#   http://bugreport.sun.com/bugreport/crash.jsp
# The crash happened outside the Java Virtual Machine in native code.
# See problematic frame for where to report the bug.
#

---------------  T H R E A D  ---------------

Current thread (0x03f3b000):  JavaThread "AWT-Windows" daemon [_thread_in_native, id=34468, stack(0x04300000,0x04350000)]

siginfo: ExceptionCode=0xc0000005, reading address 0x00000000

Registers:
EAX=0x00000000, EBX=0x079fdad0, ECX=0x00000000, EDX=0x00000037
ESP=0x0434f378, EBP=0x0434f458, ESI=0x03f3b250, EDI=0x80004005
EIP=0x5cce3054, EFLAGS=0x00010246

Top of Stack: (sp=0x0434f378)
0x0434f378:   03f3be9c 5cce7e92 00009829 00000001
0x0434f388:   03f3b128 00000003 2912cda8 0434f3d0
0x0434f398:   0434f434 01d11bbb 0434f3d0 2912cda0
0x0434f3a8:   444d6000 00000001 3f800000 00000000
0x0434f3b8:   2917a9e8 2912cda8 00000001 2912cda0
0x0434f3c8:   00000001 03f3b128 03f35a10 2912cda0
0x0434f3d8:   00000000 0434f3f8 77007a01 0434f418
0x0434f3e8:   0434f41c 6e223d23 03f3b000 7098b79a 

Instructions: (pc=0x5cce3054)
0x5cce3034:   00 cc cc cc cc cc cc cc cc cc cc cc 56 8b f1 8b
0x5cce3044:   4e 04 85 c9 74 07 6a 00 e8 0f 84 00 00 8b 46 28
0x5cce3054:   8b 08 8b 91 e4 00 00 00 6a 00 68 ae 00 00 00 50
0x5cce3064:   ff d2 8b 76 28 8b 06 8b 88 e4 00 00 00 6a 00 6a 


Register to memory mapping:

EAX=0x00000000 is an unknown value
EBX=0x079fdad0 is an unknown value
ECX=0x00000000 is an unknown value
EDX=0x00000037 is an unknown value
ESP=0x0434f378 is pointing into the stack for thread: 0x03f3b000
EBP=0x0434f458 is pointing into the stack for thread: 0x03f3b000
ESI=0x03f3b250 is an unknown value
EDI=0x80004005 is an unknown value


Stack: [0x04300000,0x04350000],  sp=0x0434f378,  free space=316k
Native frames: (J=compiled Java code, j=interpreted, Vv=VM code, C=native code)
C  [awt.dll+0xa3054]  D3DContext::ResetClip+0x14
C  [awt.dll+0x91119]  Java_sun_awt_windows_WToolkit_startSecondaryEventLoop+0x879
C  [USER32.dll+0x1c4e7]  gapfnScSendMessage+0x1cf
C  [USER32.dll+0x1c5e7]  gapfnScSendMessage+0x2cf
C  [USER32.dll+0x14f0e]  GetScrollBarInfo+0xfd
C  [USER32.dll+0x14f7d]  GetScrollBarInfo+0x16c
C  [ntdll.dll+0x46fae]  KiUserCallbackDispatcher+0x2e
C  [USER32.dll+0x164a1]  PeekMessageW+0x157

Java frames: (J=compiled Java code, j=interpreted, Vv=VM code)
j  sun.awt.windows.WToolkit.eventLoop()V+0
j  sun.awt.windows.WToolkit.run()V+49
j  java.lang.Thread.run()V+11
v  ~StubRoutines::call_stub

---------------  P R O C E S S  ---------------

Java Threads: ( => current thread )
  0x0622b000 JavaThread "pool-1-thread-20" [_thread_blocked, id=34140, stack(0x09880000,0x098d0000)]
  0x0622ac00 JavaThread "pool-1-thread-19" [_thread_blocked, id=34800, stack(0x09180000,0x091d0000)]
  0x062a6800 JavaThread "pool-1-thread-18" [_thread_blocked, id=33348, stack(0x09780000,0x097d0000)]
  0x062a6000 JavaThread "pool-1-thread-17" [_thread_blocked, id=34672, stack(0x096b0000,0x09700000)]
  0x062a5c00 JavaThread "pool-1-thread-16" [_thread_blocked, id=33084, stack(0x09650000,0x096a0000)]
  0x062a5400 JavaThread "pool-1-thread-15" [_thread_blocked, id=25688, stack(0x08e30000,0x08e80000)]
  0x062a5000 JavaThread "pool-1-thread-14" [_thread_blocked, id=32984, stack(0x08d60000,0x08db0000)]
  0x062a4800 JavaThread "pool-1-thread-13" [_thread_blocked, id=25352, stack(0x09120000,0x09170000)]
  0x062a4000 JavaThread "pool-1-thread-12" [_thread_blocked, id=33256, stack(0x08fc0000,0x09010000)]
  0x062a3c00 JavaThread "pool-1-thread-11" [_thread_blocked, id=33056, stack(0x08f70000,0x08fc0000)]
  0x062a3400 JavaThread "pool-1-thread-10" [_thread_blocked, id=33388, stack(0x090a0000,0x090f0000)]
  0x062a3000 JavaThread "pool-1-thread-9" [_thread_blocked, id=34120, stack(0x09030000,0x09080000)]
  0x062a2800 JavaThread "pool-1-thread-8" [_thread_blocked, id=26164, stack(0x08790000,0x087e0000)]
  0x062a2400 JavaThread "pool-1-thread-7" [_thread_blocked, id=33268, stack(0x08de0000,0x08e30000)]
  0x062a1c00 JavaThread "pool-1-thread-6" [_thread_blocked, id=26656, stack(0x08ea0000,0x08ef0000)]
  0x062a1400 JavaThread "pool-1-thread-5" [_thread_blocked, id=33720, stack(0x08980000,0x089d0000)]
  0x062a1000 JavaThread "pool-1-thread-4" [_thread_blocked, id=34164, stack(0x088f0000,0x08940000)]
  0x062a0800 JavaThread "pool-1-thread-3" [_thread_blocked, id=1032, stack(0x08860000,0x088b0000)]
  0x0629fc00 JavaThread "pool-1-thread-2" [_thread_blocked, id=34476, stack(0x07630000,0x07680000)]
  0x0629f800 JavaThread "pool-1-thread-1" [_thread_blocked, id=33732, stack(0x08420000,0x08470000)]
  0x0629f000 JavaThread "Thread-3" [_thread_in_native, id=34540, stack(0x08250000,0x082a0000)]
  0x07b6e400 JavaThread "Thread-2" [_thread_blocked, id=34308, stack(0x08550000,0x085a0000)]
  0x062fdc00 JavaThread "Abandoned connection cleanup thread" daemon [_thread_blocked, id=29104, stack(0x078a0000,0x078f0000)]
  0x061c9800 JavaThread "TimerQueue" daemon [_thread_blocked, id=32840, stack(0x077d0000,0x07820000)]
  0x0618a000 JavaThread "D3D Screen Updater" daemon [_thread_blocked, id=34696, stack(0x076a0000,0x076f0000)]
  0x010fc800 JavaThread "DestroyJavaVM" [_thread_blocked, id=33332, stack(0x011a0000,0x011f0000)]
  0x05ffd800 JavaThread "AWT-EventQueue-0" [_thread_in_native, id=33944, stack(0x05f40000,0x05f90000)]
  0x03f57400 JavaThread "Image Animator 3" daemon [_thread_blocked, id=33532, stack(0x05fa0000,0x05ff0000)]
=>0x03f3b000 JavaThread "AWT-Windows" daemon [_thread_in_native, id=34468, stack(0x04300000,0x04350000)]
  0x03f3a400 JavaThread "AWT-Shutdown" [_thread_blocked, id=34024, stack(0x04420000,0x04470000)]
  0x03f37800 JavaThread "Java2D Disposer" daemon [_thread_blocked, id=29656, stack(0x043d0000,0x04420000)]
  0x01b07000 JavaThread "Service Thread" daemon [_thread_blocked, id=31004, stack(0x04090000,0x040e0000)]
  0x01b03000 JavaThread "C1 CompilerThread0" daemon [_thread_blocked, id=33320, stack(0x041e0000,0x04230000)]
  0x01b02400 JavaThread "Attach Listener" daemon [_thread_blocked, id=33740, stack(0x04030000,0x04080000)]
  0x01aff800 JavaThread "Signal Dispatcher" daemon [_thread_blocked, id=34708, stack(0x03fb0000,0x04000000)]
  0x01ad5000 JavaThread "Finalizer" daemon [_thread_blocked, id=31768, stack(0x03be0000,0x03c30000)]
  0x01ad3800 JavaThread "Reference Handler" daemon [_thread_blocked, id=33076, stack(0x03c90000,0x03ce0000)]

Other Threads:
  0x01ad2000 VMThread [stack: 0x03d10000,0x03d60000] [id=34408]
  0x03d73000 WatcherThread [stack: 0x04150000,0x041a0000] [id=31676]

VM state:not at safepoint (normal execution)

VM Mutex/Monitor currently owned by a thread: None

Heap
 def new generation   total 6336K, used 2961K [0x23b10000, 0x241f0000, 0x29060000)
  eden space 5632K,  47% used [0x23b10000, 0x23da9be8, 0x24090000)
  from space 704K,  42% used [0x24090000, 0x240daa08, 0x24140000)
  to   space 704K,   0% used [0x24140000, 0x24140000, 0x241f0000)
 tenured generation   total 13804K, used 12800K [0x29060000, 0x29ddb000, 0x33b10000)
   the space 13804K,  92% used [0x29060000, 0x29ce0220, 0x29ce0400, 0x29ddb000)
 compacting perm gen  total 12288K, used 10026K [0x33b10000, 0x34710000, 0x37b10000)
   the space 12288K,  81% used [0x33b10000, 0x344da880, 0x344daa00, 0x34710000)
    ro space 10240K,  42% used [0x37b10000, 0x37f522a0, 0x37f52400, 0x38510000)
    rw space 12288K,  54% used [0x38510000, 0x38b93250, 0x38b93400, 0x39110000)

Card table byte_map: [0x03b20000,0x03bd0000] byte_map_base: 0x03a02780

Polling page: 0x01060000

Code Cache  [0x01b20000, 0x02048000, 0x03b20000)
 total_blobs=3246 nmethods=2991 adapters=187 free_code_cache=27505Kb largest_free_block=28165824

Compilation events (10 events):
Event: 3622.026 Thread 0x01b03000 2985             org.hibernate.loader.Loader::hasSubselectLoadableCollections (34 bytes)
Event: 3622.027 Thread 0x01b03000 nmethod 2985 0x0203fac8 code [0x0203fbe0, 0x0203fcf8]
Event: 3627.038 Thread 0x01b03000 2986             org.hibernate.engine.query.HQLQueryPlan::performList (101 bytes)
Event: 3627.039 Thread 0x01b03000 nmethod 2986 0x0203fdc8 code [0x0203ffe0, 0x02040a90]
Event: 6217.975 Thread 0x01b03000 2987   !         com.mysql.jdbc.PreparedStatement::initializeFromParseInfo (167 bytes)
Event: 6217.975 Thread 0x01b03000 nmethod 2987 0x02041a08 code [0x02041b50, 0x020421e8]
Event: 6217.975 Thread 0x01b03000 2988   !         com.mysql.jdbc.PreparedStatement::clearParameters (75 bytes)
Event: 6217.976 Thread 0x01b03000 nmethod 2988 0x02042688 code [0x020427c0, 0x02042b1c]
Event: 7184.915 Thread 0x01b03000 2989             org.hibernate.pretty.Printer::toString (93 bytes)
Event: 7184.915 Thread 0x01b03000 nmethod 2989 0x020430c8 code [0x02043280, 0x02043508]

GC Heap History (10 events):
Event: 23870.609 GC heap before
{Heap before GC invocations=33507 (full 55):
 def new generation   total 6336K, used 5930K [0x23b10000, 0x241f0000, 0x29060000)
  eden space 5632K, 100% used [0x23b10000, 0x24090000, 0x24090000)
  from space 704K,  42% used [0x24140000, 0x2418ab10, 0x241f0000)
  to   space 704K,   0% used [0x24090000, 0x24090000, 0x24140000)
 tenured generation   total 13804K, used 12800K [0x29060000, 0x29ddb000, 0x33b10000)
   the space 13804K,  92% used [0x29060000, 0x29ce0220, 0x29ce0400, 0x29ddb000)
 compacting perm gen  total 12288K, used 10017K [0x33b10000, 0x34710000, 0x37b10000)
   the space 12288K,  81% used [0x33b10000, 0x344d8570, 0x344d8600, 0x34710000)
    ro space 10240K,  42% used [0x37b10000, 0x37f522a0, 0x37f52400, 0x38510000)
    rw space 12288K,  54% used [0x38510000, 0x38b93250, 0x38b93400, 0x39110000)
Event: 23870.610 GC heap after
Heap after GC invocations=33508 (full 55):
 def new generation   total 6336K, used 298K [0x23b10000, 0x241f0000, 0x29060000)
  eden space 5632K,   0% used [0x23b10000, 0x23b10000, 0x24090000)
  from space 704K,  42% used [0x24090000, 0x240dab30, 0x24140000)
  to   space 704K,   0% used [0x24140000, 0x24140000, 0x241f0000)
 tenured generation   total 13804K, used 12800K [0x29060000, 0x29ddb000, 0x33b10000)
   the space 13804K,  92% used [0x29060000, 0x29ce0220, 0x29ce0400, 0x29ddb000)
 compacting perm gen  total 12288K, used 10017K [0x33b10000, 0x34710000, 0x37b10000)
   the space 12288K,  81% used [0x33b10000, 0x344d8570, 0x344d8600, 0x34710000)
    ro space 10240K,  42% used [0x37b10000, 0x37f522a0, 0x37f52400, 0x38510000)
    rw space 12288K,  54% used [0x38510000, 0x38b93250, 0x38b93400, 0x39110000)
}
Event: 23871.406 GC heap before
{Heap before GC invocations=33508 (full 55):
 def new generation   total 6336K, used 5930K [0x23b10000, 0x241f0000, 0x29060000)
  eden space 5632K, 100% used [0x23b10000, 0x24090000, 0x24090000)
  from space 704K,  42% used [0x24090000, 0x240dab30, 0x24140000)
  to   space 704K,   0% used [0x24140000, 0x24140000, 0x241f0000)
 tenured generation   total 13804K, used 12800K [0x29060000, 0x29ddb000, 0x33b10000)
   the space 13804K,  92% used [0x29060000, 0x29ce0220, 0x29ce0400, 0x29ddb000)
 compacting perm gen  total 12288K, used 10017K [0x33b10000, 0x34710000, 0x37b10000)
   the space 12288K,  81% used [0x33b10000, 0x344d8570, 0x344d8600, 0x34710000)
    ro space 10240K,  42% used [0x37b10000, 0x37f522a0, 0x37f52400, 0x38510000)
    rw space 12288K,  54% used [0x38510000, 0x38b93250, 0x38b93400, 0x39110000)
Event: 23871.407 GC heap after
Heap after GC invocations=33509 (full 55):
 def new generation   total 6336K, used 298K [0x23b10000, 0x241f0000, 0x29060000)
  eden space 5632K,   0% used [0x23b10000, 0x23b10000, 0x24090000)
  from space 704K,  42% used [0x24140000, 0x2418abf8, 0x241f0000)
  to   space 704K,   0% used [0x24090000, 0x24090000, 0x24140000)
 tenured generation   total 13804K, used 12800K [0x29060000, 0x29ddb000, 0x33b10000)
   the space 13804K,  92% used [0x29060000, 0x29ce0220, 0x29ce0400, 0x29ddb000)
 compacting perm gen  total 12288K, used 10017K [0x33b10000, 0x34710000, 0x37b10000)
   the space 12288K,  81% used [0x33b10000, 0x344d8570, 0x344d8600, 0x34710000)
    ro space 10240K,  42% used [0x37b10000, 0x37f522a0, 0x37f52400, 0x38510000)
    rw space 12288K,  54% used [0x38510000, 0x38b93250, 0x38b93400, 0x39110000)
}
Event: 23872.205 GC heap before
{Heap before GC invocations=33509 (full 55):
 def new generation   total 6336K, used 5930K [0x23b10000, 0x241f0000, 0x29060000)
  eden space 5632K, 100% used [0x23b10000, 0x24090000, 0x24090000)
  from space 704K,  42% used [0x24140000, 0x2418abf8, 0x241f0000)
  to   space 704K,   0% used [0x24090000, 0x24090000, 0x24140000)
 tenured generation   total 13804K, used 12800K [0x29060000, 0x29ddb000, 0x33b10000)
   the space 13804K,  92% used [0x29060000, 0x29ce0220, 0x29ce0400, 0x29ddb000)
 compacting perm gen  total 12288K, used 10017K [0x33b10000, 0x34710000, 0x37b10000)
   the space 12288K,  81% used [0x33b10000, 0x344d8570, 0x344d8600, 0x34710000)
    ro space 10240K,  42% used [0x37b10000, 0x37f522a0, 0x37f52400, 0x38510000)
    rw space 12288K,  54% used [0x38510000, 0x38b93250, 0x38b93400, 0x39110000)
Event: 23872.206 GC heap after
Heap after GC invocations=33510 (full 55):
 def new generation   total 6336K, used 298K [0x23b10000, 0x241f0000, 0x29060000)
  eden space 5632K,   0% used [0x23b10000, 0x23b10000, 0x24090000)
  from space 704K,  42% used [0x24090000, 0x240da9f0, 0x24140000)
  to   space 704K,   0% used [0x24140000, 0x24140000, 0x241f0000)
 tenured generation   total 13804K, used 12800K [0x29060000, 0x29ddb000, 0x33b10000)
   the space 13804K,  92% used [0x29060000, 0x29ce0220, 0x29ce0400, 0x29ddb000)
 compacting perm gen  total 12288K, used 10017K [0x33b10000, 0x34710000, 0x37b10000)
   the space 12288K,  81% used [0x33b10000, 0x344d8570, 0x344d8600, 0x34710000)
    ro space 10240K,  42% used [0x37b10000, 0x37f522a0, 0x37f52400, 0x38510000)
    rw space 12288K,  54% used [0x38510000, 0x38b93250, 0x38b93400, 0x39110000)
}
Event: 23872.994 GC heap before
{Heap before GC invocations=33510 (full 55):
 def new generation   total 6336K, used 5930K [0x23b10000, 0x241f0000, 0x29060000)
  eden space 5632K, 100% used [0x23b10000, 0x24090000, 0x24090000)
  from space 704K,  42% used [0x24090000, 0x240da9f0, 0x24140000)
  to   space 704K,   0% used [0x24140000, 0x24140000, 0x241f0000)
 tenured generation   total 13804K, used 12800K [0x29060000, 0x29ddb000, 0x33b10000)
   the space 13804K,  92% used [0x29060000, 0x29ce0220, 0x29ce0400, 0x29ddb000)
 compacting perm gen  total 12288K, used 10017K [0x33b10000, 0x34710000, 0x37b10000)
   the space 12288K,  81% used [0x33b10000, 0x344d8570, 0x344d8600, 0x34710000)
    ro space 10240K,  42% used [0x37b10000, 0x37f522a0, 0x37f52400, 0x38510000)
    rw space 12288K,  54% used [0x38510000, 0x38b93250, 0x38b93400, 0x39110000)
Event: 23872.995 GC heap after
Heap after GC invocations=33511 (full 55):
 def new generation   total 6336K, used 299K [0x23b10000, 0x241f0000, 0x29060000)
  eden space 5632K,   0% used [0x23b10000, 0x23b10000, 0x24090000)
  from space 704K,  42% used [0x24140000, 0x2418ad70, 0x241f0000)
  to   space 704K,   0% used [0x24090000, 0x24090000, 0x24140000)
 tenured generation   total 13804K, used 12800K [0x29060000, 0x29ddb000, 0x33b10000)
   the space 13804K,  92% used [0x29060000, 0x29ce0220, 0x29ce0400, 0x29ddb000)
 compacting perm gen  total 12288K, used 10017K [0x33b10000, 0x34710000, 0x37b10000)
   the space 12288K,  81% used [0x33b10000, 0x344d8570, 0x344d8600, 0x34710000)
    ro space 10240K,  42% used [0x37b10000, 0x37f522a0, 0x37f52400, 0x38510000)
    rw space 12288K,  54% used [0x38510000, 0x38b93250, 0x38b93400, 0x39110000)
}
Event: 23873.791 GC heap before
{Heap before GC invocations=33511 (full 55):
 def new generation   total 6336K, used 5931K [0x23b10000, 0x241f0000, 0x29060000)
  eden space 5632K, 100% used [0x23b10000, 0x24090000, 0x24090000)
  from space 704K,  42% used [0x24140000, 0x2418ad70, 0x241f0000)
  to   space 704K,   0% used [0x24090000, 0x24090000, 0x24140000)
 tenured generation   total 13804K, used 12800K [0x29060000, 0x29ddb000, 0x33b10000)
   the space 13804K,  92% used [0x29060000, 0x29ce0220, 0x29ce0400, 0x29ddb000)
 compacting perm gen  total 12288K, used 10017K [0x33b10000, 0x34710000, 0x37b10000)
   the space 12288K,  81% used [0x33b10000, 0x344d8570, 0x344d8600, 0x34710000)
    ro space 10240K,  42% used [0x37b10000, 0x37f522a0, 0x37f52400, 0x38510000)
    rw space 12288K,  54% used [0x38510000, 0x38b93250, 0x38b93400, 0x39110000)
Event: 23873.792 GC heap after
Heap after GC invocations=33512 (full 55):
 def new generation   total 6336K, used 298K [0x23b10000, 0x241f0000, 0x29060000)
  eden space 5632K,   0% used [0x23b10000, 0x23b10000, 0x24090000)
  from space 704K,  42% used [0x24090000, 0x240daa08, 0x24140000)
  to   space 704K,   0% used [0x24140000, 0x24140000, 0x241f0000)
 tenured generation   total 13804K, used 12800K [0x29060000, 0x29ddb000, 0x33b10000)
   the space 13804K,  92% used [0x29060000, 0x29ce0220, 0x29ce0400, 0x29ddb000)
 compacting perm gen  total 12288K, used 10017K [0x33b10000, 0x34710000, 0x37b10000)
   the space 12288K,  81% used [0x33b10000, 0x344d8570, 0x344d8600, 0x34710000)
    ro space 10240K,  42% used [0x37b10000, 0x37f522a0, 0x37f52400, 0x38510000)
    rw space 12288K,  54% used [0x38510000, 0x38b93250, 0x38b93400, 0x39110000)
}

Deoptimization events (0 events):
No events

Internal exceptions (10 events):
Event: 669.713 Thread 0x062a4800 Threw 0x23d9e248 at C:\jdk7u2_32P\jdk7u21\hotspot\src\share\vm\prims\jni.cpp:742
Event: 669.713 Thread 0x062a4800 Threw 0x23d9e388 at C:\jdk7u2_32P\jdk7u21\hotspot\src\share\vm\prims\jni.cpp:742
Event: 939.804 Thread 0x062a5000 Threw 0x23da8210 at C:\jdk7u2_32P\jdk7u21\hotspot\src\share\vm\prims\jni.cpp:742
Event: 939.804 Thread 0x062a5000 Threw 0x23da8350 at C:\jdk7u2_32P\jdk7u21\hotspot\src\share\vm\prims\jni.cpp:742
Event: 1030.293 Thread 0x062a5400 Threw 0x23ee2490 at C:\jdk7u2_32P\jdk7u21\hotspot\src\share\vm\prims\jni.cpp:742
Event: 1030.293 Thread 0x062a5400 Threw 0x23ee25d0 at C:\jdk7u2_32P\jdk7u21\hotspot\src\share\vm\prims\jni.cpp:742
Event: 1173.210 Thread 0x0622ac00 Threw 0x24032388 at C:\jdk7u2_32P\jdk7u21\hotspot\src\share\vm\prims\jni.cpp:742
Event: 1173.210 Thread 0x0622ac00 Threw 0x240324c8 at C:\jdk7u2_32P\jdk7u21\hotspot\src\share\vm\prims\jni.cpp:742
Event: 1205.480 Thread 0x0622b000 Threw 0x23e658d8 at C:\jdk7u2_32P\jdk7u21\hotspot\src\share\vm\prims\jni.cpp:742
Event: 1205.480 Thread 0x0622b000 Threw 0x23e65a18 at C:\jdk7u2_32P\jdk7u21\hotspot\src\share\vm\prims\jni.cpp:742

Events (10 events):
Event: 23873.791 Executing VM operation: GenCollectForAllocation
Event: 23873.792 Executing VM operation: GenCollectForAllocation done
Event: 23873.826 loading class 0x06189580
Event: 23873.826 loading class 0x3919f108
Event: 23873.838 loading class 0x3919f108 done
Event: 23873.838 loading class 0x06189580 done
Event: 23873.839 loading class 0x39162d90
Event: 23873.842 loading class 0x39162d90 done
Event: 23873.842 loading class 0x3919f210
Event: 23873.842 loading class 0x3919f210 done


Dynamic libraries:
0x01320000 - 0x0134f000 	C:\Program Files\Java\jre7\bin\javaw.exe
0x775f0000 - 0x77731000 	C:\Windows\SYSTEM32\ntdll.dll
0x76c40000 - 0x76d14000 	C:\Windows\system32\kernel32.dll
0x75510000 - 0x7555b000 	C:\Windows\system32\KERNELBASE.dll
0x771e0000 - 0x77280000 	C:\Windows\system32\ADVAPI32.dll
0x770d0000 - 0x7717c000 	C:\Windows\system32\msvcrt.dll
0x77820000 - 0x77839000 	C:\Windows\SYSTEM32\sechost.dll
0x76f50000 - 0x76ff2000 	C:\Windows\system32\RPCRT4.dll
0x77000000 - 0x770c9000 	C:\Windows\system32\USER32.dll
0x759c0000 - 0x75a0e000 	C:\Windows\system32\GDI32.dll
0x77770000 - 0x7777a000 	C:\Windows\system32\LPK.dll
0x75d60000 - 0x75dfd000 	C:\Windows\system32\USP10.dll
0x73ea0000 - 0x7403e000 	C:\Windows\WinSxS\x86_microsoft.windows.common-controls_6595b64144ccf1df_6.0.7601.18837_none_41e855142bd5705d\COMCTL32.dll
0x77180000 - 0x771d7000 	C:\Windows\system32\SHLWAPI.dll
0x77780000 - 0x7779f000 	C:\Windows\system32\IMM32.DLL
0x75b50000 - 0x75c1c000 	C:\Windows\system32\MSCTF.dll
0x5cd90000 - 0x5ce4e000 	C:\Program Files\Java\jre7\bin\msvcr100.dll
0x6e220000 - 0x6e56f000 	C:\Program Files\Java\jre7\bin\client\jvm.dll
0x71dd0000 - 0x71dd7000 	C:\Windows\system32\WSOCK32.dll
0x75980000 - 0x759b5000 	C:\Windows\system32\WS2_32.dll
0x77800000 - 0x77806000 	C:\Windows\system32\NSI.dll
0x754c0000 - 0x754f2000 	C:\Windows\system32\WINMM.dll
0x76ad0000 - 0x76ad5000 	C:\Windows\system32\PSAPI.DLL
0x75370000 - 0x753bc000 	C:\Windows\system32\apphelp.dll
0x68b30000 - 0x68b3c000 	C:\Program Files\Java\jre7\bin\verify.dll
0x68b10000 - 0x68b30000 	C:\Program Files\Java\jre7\bin\java.dll
0x66d30000 - 0x66d43000 	C:\Program Files\Java\jre7\bin\zip.dll
0x5cc40000 - 0x5cd82000 	C:\Program Files\Java\jre7\bin\awt.dll
0x76da0000 - 0x76e2f000 	C:\Windows\system32\OLEAUT32.dll
0x76ae0000 - 0x76c3c000 	C:\Windows\system32\ole32.dll
0x75740000 - 0x75753000 	C:\Windows\system32\DWMAPI.DLL
0x73e20000 - 0x73e60000 	C:\Windows\system32\uxtheme.dll
0x753c0000 - 0x753cc000 	C:\Windows\system32\CRYPTBASE.dll
0x50250000 - 0x50413000 	C:\Windows\system32\d3d9.dll
0x748f0000 - 0x748f9000 	C:\Windows\system32\VERSION.dll
0x68b40000 - 0x68b46000 	C:\Windows\system32\d3d8thk.dll
0x757b0000 - 0x757de000 	C:\Windows\system32\WINTRUST.dll
0x755f0000 - 0x75710000 	C:\Windows\system32\CRYPT32.dll
0x754b0000 - 0x754bc000 	C:\Windows\system32\MSASN1.dll
0x0fdb0000 - 0x1075c000 	C:\Windows\system32\nvd3dum.dll
0x757e0000 - 0x7597d000 	C:\Windows\system32\SETUPAPI.dll
0x75760000 - 0x75787000 	C:\Windows\system32\CFGMGR32.dll
0x75790000 - 0x757a2000 	C:\Windows\system32\DEVOBJ.dll
0x75e00000 - 0x76a4a000 	C:\Windows\system32\SHELL32.dll
0x66d10000 - 0x66d24000 	C:\Program Files\Java\jre7\bin\net.dll
0x74ea0000 - 0x74edc000 	C:\Windows\system32\mswsock.dll
0x74e90000 - 0x74e96000 	C:\Windows\System32\wship6.dll
0x68b00000 - 0x68b0e000 	C:\Program Files\Java\jre7\bin\nio.dll
0x65f60000 - 0x65f91000 	C:\Program Files\Java\jre7\bin\fontmanager.dll
0x77280000 - 0x77303000 	C:\Windows\system32\CLBCatQ.DLL
0x72cf0000 - 0x72deb000 	C:\Windows\system32\WindowsCodecs.dll
0x66810000 - 0x66822000 	C:\Program Files\Common Files\TortoiseOverlays\TortoiseOverlays.dll
0x66960000 - 0x6696d000 	C:\Program Files\TortoiseSVN\bin\TortoiseStub32.dll
0x66010000 - 0x6607c000 	C:\Program Files\TortoiseSVN\bin\TortoiseSVN32.dll
0x774d0000 - 0x775eb000 	C:\Windows\system32\WININET.dll
0x77810000 - 0x77813000 	C:\Windows\system32\Normaliz.dll
0x77310000 - 0x774cb000 	C:\Windows\system32\iertutil.dll
0x76e30000 - 0x76f4a000 	C:\Windows\system32\urlmon.dll
0x654f0000 - 0x657e5000 	C:\Program Files\TortoiseSVN\bin\libsvn_tsvn32.dll
0x66460000 - 0x66484000 	C:\Program Files\TortoiseSVN\bin\libapr_tsvn32.dll
0x663c0000 - 0x663f6000 	C:\Program Files\TortoiseSVN\bin\libaprutil_tsvn32.dll
0x75d10000 - 0x75d55000 	C:\Windows\system32\WLDAP32.dll
0x69930000 - 0x6993d000 	C:\Program Files\TortoiseSVN\bin\intl3_tsvn32.dll
0x65ff0000 - 0x66003000 	C:\Program Files\TortoiseSVN\bin\libsasl32.dll
0x75200000 - 0x75208000 	C:\Windows\system32\Secur32.dll
0x75350000 - 0x7536b000 	C:\Windows\system32\SSPICLI.DLL
0x653c0000 - 0x65429000 	C:\Windows\system32\MSVCP100.dll
0x65350000 - 0x65384000 	C:\Program Files\360\360safe\safemon\360UDiskGuard.dll
0x65310000 - 0x65341000 	C:\Windows\system32\EhStorShell.dll
0x74170000 - 0x74265000 	C:\Windows\system32\PROPSYS.dll
0x652a0000 - 0x6530a000 	C:\Windows\System32\cscui.dll
0x65fe0000 - 0x65fe9000 	C:\Windows\System32\CSCDLL.dll
0x71a00000 - 0x71a0b000 	C:\Windows\system32\CSCAPI.dll
0x71a10000 - 0x71a80000 	C:\Windows\system32\ntshrui.dll
0x75190000 - 0x751a9000 	C:\Windows\system32\srvcli.dll
0x739e0000 - 0x739ea000 	C:\Windows\system32\slc.dll
0x65fb0000 - 0x65fe0000 	C:\Program Files\Java\jre7\bin\t2k.dll
0x627e0000 - 0x62873000 	C:\Users\blue_baby\AppData\Roaming\TaobaoProtect\TaobaoProtectSE.dll
0x68800000 - 0x68803000 	C:\Windows\system32\sfc.dll
0x687f0000 - 0x687fd000 	C:\Windows\system32\sfc_os.DLL
0x042e0000 - 0x042e7000 	C:\Windows\system32\uunsp_1.dll
0x743e0000 - 0x74446000 	C:\Windows\system32\MSVCP60.dll
0x743b0000 - 0x743d1000 	C:\Program Files\Bonjour\mdnsNSP.dll
0x748d0000 - 0x748ec000 	C:\Windows\system32\Iphlpapi.DLL
0x748c0000 - 0x748c7000 	C:\Windows\system32\WINNSI.DLL
0x73b50000 - 0x73b60000 	C:\Windows\system32\NLAapi.dll
0x722e0000 - 0x722f0000 	C:\Windows\system32\napinsp.dll
0x722c0000 - 0x722d2000 	C:\Windows\system32\pnrpnsp.dll
0x74d60000 - 0x74da4000 	C:\Windows\system32\DNSAPI.dll
0x722b0000 - 0x722b8000 	C:\Windows\System32\winrnr.dll
0x04350000 - 0x04379000 	C:\Windows\system32\XLaccLSP.dll
0x044f0000 - 0x04507000 	C:\Program Files\Common Files\Thunder Network\NetMon\net_monitor2.0.2.9.dll
0x7c3c0000 - 0x7c43c000 	C:\Windows\system32\MSVCP71.dll
0x7c360000 - 0x7c3b6000 	C:\Windows\system32\MSVCR71.dll
0x75440000 - 0x7544b000 	C:\Windows\system32\profapi.dll
0x747e0000 - 0x747e6000 	C:\Windows\System32\wshqos.dll
0x747d0000 - 0x747d5000 	C:\Windows\system32\wshtcpip.DLL
0x74370000 - 0x74376000 	C:\Windows\system32\rasadhlp.dll
0x74330000 - 0x74368000 	C:\Windows\System32\fwpuclnt.dll
0x6fa30000 - 0x6fb1b000 	C:\Windows\system32\dbghelp.dll

VM Arguments:
jvm_args: -Dfile.encoding=GBK 
java_command: cn.edu.zucc.TPF.View.LoginView
Launcher Type: SUN_STANDARD

Environment Variables:
JAVA_HOME=E:\Program Files\Java\jdk1.6.0_10
CLASSPATH=E:\Program Files\Java\jdk1.6.0_10\lib
PATH=D:/Program Files/Java/jre1.8.0_45/bin/client;D:/Program Files/Java/jre1.8.0_45/bin;D:/Program Files/Java/jre1.8.0_45/lib/i386;C:\ProgramData\Oracle\Java\javapath;D:\play-2.2.6;C:\Program Files\Common Files\NetSarang;C:\Program Files\NVIDIA Corporation\PhysX\Common;C:\Windows\system32;C:\Windows;C:\Windows\System32\Wbem;C:\Windows\System32\WindowsPowerShell\v1.0\;E:\Program Files\Java\jdk1.6.0_10\bin;C:\Program Files\nodejs\;E:\apache-ant-1.8.4\bin;C:\Program Files\OpenSSH\bin;C:\Program Files\VanDyke Software\Clients\;C:\Program Files\Microsoft SQL Server\100\Tools\Binn\;C:\Program Files\Microsoft SQL Server\100\DTS\Binn\;D:\Program Files\Python33;C:\Program Files\TortoiseSVN\bin;C:\Program Files\VisualSVN Server\bin;E:\apache-tomcat-6.0.36\lib;E:\apache-tomcat-6.0.36\lib;C:\Users\blue_baby\AppData\Roaming\npm\;D:\server\maven\bin;E:\eclipse;
USERNAME=blue_baby
OS=Windows_NT
PROCESSOR_IDENTIFIER=x86 Family 6 Model 42 Stepping 7, GenuineIntel



---------------  S Y S T E M  ---------------

OS: Windows 7 Build 7601 Service Pack 1

CPU:total 4 (4 cores per cpu, 1 threads per core) family 6 model 42 stepping 7, cmov, cx8, fxsr, mmx, sse, sse2, sse3, ssse3, sse4.1, sse4.2, popcnt, avx, tsc, tscinvbit

Memory: 4k page, physical 3135916k(1248088k free), swap 6267980k(2834128k free)

vm_info: Java HotSpot(TM) Client VM (23.21-b01) for windows-x86 JRE (1.7.0_21-b11), built on Apr  4 2013 04:43:10 by "java_re" with unknown MS VC++:1600

time: Sun Aug 16 05:45:18 2015
elapsed time: 23873 seconds

